<?xml version="1.0" encoding="UTF-8"?>
<!-- Generated by org.testng.reporters.JUnitReportReporter -->
<testsuite hostname="Ganesh" failures="0" tests="1" name="demoTestng.TestNG" time="0.026" errors="0" timestamp="2022-12-20T23:18:53 IST" skipped="0">
  <testcase classname="demoTestng.TestNG" name="method1" time="0.026"/>
  <system-out/>
</testsuite> <!-- demoTestng.TestNG -->
